2020/03/05 15:25:14 Url Param 'page' is missing
2020/03/05 15:42:08 Servicio iniciado
2020/03/05 15:42:14 Url Param 'page' is missing
2020/03/05 15:42:26 1
2020/03/05 15:42:30 0
2020/03/05 15:42:34 10
2020/03/05 15:50:57 Servicio iniciado
2020/03/05 15:51:04 elgato_27@hotmail.com
2020/03/05 15:51:32 carloszamora270398@gmail.com
2020/03/05 15:51:42 elgato_27@hotmail.com
2020/03/05 19:43:05 Servicio iniciado
2020/03/05 19:45:17 Servicio iniciado
2020/03/05 19:47:02 Servicio iniciado
2020/03/05 19:47:25 Servicio iniciado
2020/03/05 19:47:50 Servicio iniciado
2020/03/05 20:12:35 Servicio iniciado
2020/03/05 20:39:06 Intentando iniciar sesión...
2020/03/05 20:39:11 Intentando iniciar sesión...
2020/03/11 12:24:04 Servicio iniciado
2020/03/11 12:24:39 Intentando iniciar sesión...
2020/03/11 12:43:43 Intentando iniciar sesión...
2020/03/11 12:51:58 Intentando iniciar sesión...
2020/03/11 12:57:30 Intentando iniciar sesión...
2020/03/11 12:57:36 Intentando iniciar sesión...
2020/03/11 13:47:04 Intentando iniciar sesión...
2020/03/11 13:48:36 Intentando iniciar sesión...
2020/03/11 13:49:23 Intentando iniciar sesión...
2020/03/11 13:50:27 Intentando iniciar sesión...
2020/03/12 12:59:45 Servicio iniciado
2020/03/12 12:59:47 Intentando iniciar sesión...
